mode: set
shiftsync/pkg/api/handler/admin.go:22.66,24.2 1 0
shiftsync/pkg/api/handler/admin.go:34.53,37.2 2 0
shiftsync/pkg/api/handler/admin.go:49.54,51.50 2 0
shiftsync/pkg/api/handler/admin.go:51.50,55.3 3 0
shiftsync/pkg/api/handler/admin.go:57.2,63.16 4 0
shiftsync/pkg/api/handler/admin.go:63.16,67.3 3 0
shiftsync/pkg/api/handler/admin.go:69.2,71.17 2 0
shiftsync/pkg/api/handler/admin.go:71.17,75.3 3 0
shiftsync/pkg/api/handler/admin.go:77.2,79.22 3 0
shiftsync/pkg/api/handler/admin.go:83.49,87.2 3 0
shiftsync/pkg/api/handler/admin.go:89.53,92.2 2 0
shiftsync/pkg/api/handler/admin.go:94.54,98.50 2 0
shiftsync/pkg/api/handler/admin.go:98.50,102.3 3 0
shiftsync/pkg/api/handler/admin.go:104.2,108.59 3 0
shiftsync/pkg/api/handler/admin.go:108.59,112.3 3 0
shiftsync/pkg/api/handler/admin.go:114.2,115.22 2 0
shiftsync/pkg/api/handler/admin.go:119.59,122.35 2 0
shiftsync/pkg/api/handler/admin.go:122.35,128.3 2 0
shiftsync/pkg/api/handler/admin.go:130.2,136.4 3 0
shiftsync/pkg/api/handler/admin.go:140.61,142.49 2 0
shiftsync/pkg/api/handler/admin.go:142.49,146.3 3 0
shiftsync/pkg/api/handler/admin.go:148.2,158.21 7 0
shiftsync/pkg/api/handler/admin.go:158.21,162.3 3 0
shiftsync/pkg/api/handler/admin.go:164.2,170.68 6 0
shiftsync/pkg/api/handler/admin.go:170.68,174.3 3 0
shiftsync/pkg/api/handler/admin.go:176.2,176.76 1 0
shiftsync/pkg/api/handler/admin.go:176.76,180.3 3 0
shiftsync/pkg/api/handler/admin.go:182.2,183.21 2 0
shiftsync/pkg/api/handler/admin.go:186.57,188.49 2 0
shiftsync/pkg/api/handler/admin.go:188.49,192.3 3 0
shiftsync/pkg/api/handler/admin.go:194.2,198.65 3 0
shiftsync/pkg/api/handler/admin.go:198.65,202.3 3 0
shiftsync/pkg/api/handler/admin.go:204.2,205.21 2 0
shiftsync/pkg/api/handler/admin.go:208.56,212.38 2 0
shiftsync/pkg/api/handler/admin.go:212.38,218.3 2 0
shiftsync/pkg/api/handler/admin.go:220.2,223.4 1 0
shiftsync/pkg/api/handler/admin.go:227.53,230.47 2 0
shiftsync/pkg/api/handler/admin.go:230.47,234.3 3 0
shiftsync/pkg/api/handler/admin.go:236.2,240.61 3 0
shiftsync/pkg/api/handler/admin.go:240.61,244.3 3 0
shiftsync/pkg/api/handler/admin.go:246.2,247.19 2 0
shiftsync/pkg/api/handler/admin.go:251.59,254.38 2 0
shiftsync/pkg/api/handler/admin.go:254.38,260.3 2 0
shiftsync/pkg/api/handler/admin.go:262.2,265.4 1 0
shiftsync/pkg/api/handler/admin.go:268.61,271.47 2 0
shiftsync/pkg/api/handler/admin.go:271.47,275.3 3 0
shiftsync/pkg/api/handler/admin.go:277.2,277.75 1 0
shiftsync/pkg/api/handler/admin.go:277.75,281.3 3 0
shiftsync/pkg/api/handler/admin.go:283.2,284.19 2 0
shiftsync/pkg/api/handler/admin.go:288.61,291.47 2 0
shiftsync/pkg/api/handler/admin.go:291.47,295.3 3 0
shiftsync/pkg/api/handler/admin.go:297.2,297.75 1 0
shiftsync/pkg/api/handler/admin.go:297.75,301.3 3 0
shiftsync/pkg/api/handler/admin.go:303.2,304.19 2 0
shiftsync/pkg/api/handler/admin.go:308.57,311.57 2 0
shiftsync/pkg/api/handler/admin.go:311.57,315.3 3 0
shiftsync/pkg/api/handler/admin.go:317.2,321.74 3 0
shiftsync/pkg/api/handler/admin.go:321.74,325.3 3 0
shiftsync/pkg/api/handler/admin.go:327.2,328.19 2 0
shiftsync/pkg/api/handler/admin.go:332.58,335.57 2 0
shiftsync/pkg/api/handler/admin.go:335.57,339.3 3 0
shiftsync/pkg/api/handler/admin.go:341.2,345.75 3 0
shiftsync/pkg/api/handler/admin.go:345.75,349.3 3 0
shiftsync/pkg/api/handler/admin.go:351.2,352.19 2 0
shiftsync/pkg/api/handler/admin.go:356.59,359.38 2 0
shiftsync/pkg/api/handler/admin.go:359.38,365.3 2 0
shiftsync/pkg/api/handler/admin.go:367.2,370.4 1 0
shiftsync/pkg/api/handler/admin.go:373.55,376.38 2 0
shiftsync/pkg/api/handler/admin.go:376.38,382.3 2 0
shiftsync/pkg/api/handler/admin.go:384.2,387.4 1 0
shiftsync/pkg/api/handler/admin.go:390.56,393.38 2 0
shiftsync/pkg/api/handler/admin.go:393.38,399.3 2 0
shiftsync/pkg/api/handler/admin.go:401.2,404.4 1 0
shiftsync/pkg/api/handler/employee.go:24.79,26.2 1 1
shiftsync/pkg/api/handler/employee.go:36.56,41.2 2 0
shiftsync/pkg/api/handler/employee.go:54.57,58.53 2 0
shiftsync/pkg/api/handler/employee.go:58.53,64.3 3 0
shiftsync/pkg/api/handler/employee.go:66.2,66.66 1 0
shiftsync/pkg/api/handler/employee.go:66.66,70.3 3 0
shiftsync/pkg/api/handler/employee.go:72.2,74.14 2 0
shiftsync/pkg/api/handler/employee.go:74.14,78.3 3 0
shiftsync/pkg/api/handler/employee.go:80.2,82.16 2 0
shiftsync/pkg/api/handler/employee.go:82.16,86.3 3 0
shiftsync/pkg/api/handler/employee.go:88.2,91.22 3 0
shiftsync/pkg/api/handler/employee.go:106.56,110.50 2 0
shiftsync/pkg/api/handler/employee.go:110.50,116.3 3 0
shiftsync/pkg/api/handler/employee.go:118.2,121.16 3 0
shiftsync/pkg/api/handler/employee.go:121.16,125.3 3 0
shiftsync/pkg/api/handler/employee.go:127.2,129.16 2 0
shiftsync/pkg/api/handler/employee.go:129.16,133.3 3 0
shiftsync/pkg/api/handler/employee.go:135.2,137.14 2 0
shiftsync/pkg/api/handler/employee.go:137.14,141.3 3 0
shiftsync/pkg/api/handler/employee.go:143.2,146.63 3 0
shiftsync/pkg/api/handler/employee.go:146.63,150.3 3 0
shiftsync/pkg/api/handler/employee.go:150.8,153.3 2 0
shiftsync/pkg/api/handler/employee.go:165.55,168.2 2 0
shiftsync/pkg/api/handler/employee.go:180.56,183.53 2 1
shiftsync/pkg/api/handler/employee.go:183.53,187.3 3 0
shiftsync/pkg/api/handler/employee.go:189.2,189.54 1 1
shiftsync/pkg/api/handler/employee.go:189.54,194.3 4 0
shiftsync/pkg/api/handler/employee.go:196.2,202.16 4 1
shiftsync/pkg/api/handler/employee.go:202.16,206.3 3 0
shiftsync/pkg/api/handler/employee.go:208.2,210.16 2 1
shiftsync/pkg/api/handler/employee.go:210.16,214.3 3 0
shiftsync/pkg/api/handler/employee.go:216.2,218.22 3 1
shiftsync/pkg/api/handler/employee.go:221.52,225.2 3 0
shiftsync/pkg/api/handler/employee.go:227.54,230.2 2 0
shiftsync/pkg/api/handler/employee.go:232.55,238.24 3 0
shiftsync/pkg/api/handler/employee.go:238.24,241.3 2 0
shiftsync/pkg/api/handler/employee.go:243.2,243.55 1 0
shiftsync/pkg/api/handler/employee.go:243.55,247.3 3 0
shiftsync/pkg/api/handler/employee.go:249.2,256.62 5 0
shiftsync/pkg/api/handler/employee.go:256.62,260.3 3 0
shiftsync/pkg/api/handler/employee.go:262.2,263.22 2 0
shiftsync/pkg/api/handler/employee.go:267.58,271.25 2 0
shiftsync/pkg/api/handler/employee.go:271.25,274.3 2 0
shiftsync/pkg/api/handler/employee.go:276.2,280.16 3 0
shiftsync/pkg/api/handler/employee.go:280.16,284.3 3 0
shiftsync/pkg/api/handler/employee.go:286.2,287.21 2 0
shiftsync/pkg/api/handler/employee.go:291.51,296.9 3 0
shiftsync/pkg/api/handler/employee.go:296.9,300.3 3 0
shiftsync/pkg/api/handler/employee.go:302.2,304.16 2 0
shiftsync/pkg/api/handler/employee.go:304.16,308.3 3 0
shiftsync/pkg/api/handler/employee.go:310.2,311.19 2 0
shiftsync/pkg/api/handler/employee.go:315.51,320.9 3 0
shiftsync/pkg/api/handler/employee.go:320.9,324.3 3 0
shiftsync/pkg/api/handler/employee.go:326.2,328.16 2 0
shiftsync/pkg/api/handler/employee.go:328.16,332.3 3 0
shiftsync/pkg/api/handler/employee.go:334.2,336.16 2 0
shiftsync/pkg/api/handler/employee.go:336.16,340.3 3 0
shiftsync/pkg/api/handler/employee.go:342.2,343.19 2 0
shiftsync/pkg/api/handler/employee.go:347.60,350.47 2 0
shiftsync/pkg/api/handler/employee.go:350.47,354.3 3 0
shiftsync/pkg/api/handler/employee.go:356.2,359.9 3 0
shiftsync/pkg/api/handler/employee.go:359.9,363.3 3 0
shiftsync/pkg/api/handler/employee.go:365.2,365.74 1 0
shiftsync/pkg/api/handler/employee.go:365.74,369.3 3 0
shiftsync/pkg/api/handler/employee.go:371.2,372.19 2 0
shiftsync/pkg/api/handler/employee.go:376.52,381.9 3 0
shiftsync/pkg/api/handler/employee.go:381.9,385.3 3 0
shiftsync/pkg/api/handler/employee.go:387.2,389.24 2 0
shiftsync/pkg/api/handler/employee.go:389.24,393.3 3 0
shiftsync/pkg/api/handler/employee.go:395.2,396.19 2 0
shiftsync/pkg/api/handler/employee.go:411.54,414.52 2 0
shiftsync/pkg/api/handler/employee.go:414.52,418.3 3 0
shiftsync/pkg/api/handler/employee.go:420.2,422.9 2 0
shiftsync/pkg/api/handler/employee.go:422.9,426.3 3 0
shiftsync/pkg/api/handler/employee.go:427.2,437.21 6 0
shiftsync/pkg/api/handler/employee.go:437.21,441.3 3 0
shiftsync/pkg/api/handler/employee.go:443.2,444.19 2 0
shiftsync/pkg/api/handler/employee.go:457.55,461.9 3 0
shiftsync/pkg/api/handler/employee.go:461.9,465.3 3 0
shiftsync/pkg/api/handler/employee.go:467.2,471.42 3 0
shiftsync/pkg/api/handler/employee.go:471.42,475.3 3 0
shiftsync/pkg/api/handler/employee.go:477.2,480.4 1 0
shiftsync/pkg/api/handler/employee.go:494.54,498.9 3 0
shiftsync/pkg/api/handler/employee.go:498.9,502.3 3 0
shiftsync/pkg/api/handler/employee.go:504.2,506.16 2 0
shiftsync/pkg/api/handler/employee.go:506.16,510.3 3 0
shiftsync/pkg/api/handler/employee.go:512.2,515.4 1 0
shiftsync/pkg/api/handler/employee.go:519.62,523.9 3 0
shiftsync/pkg/api/handler/employee.go:523.9,527.3 3 0
shiftsync/pkg/api/handler/employee.go:529.2,531.16 2 0
shiftsync/pkg/api/handler/employee.go:531.16,535.3 3 0
shiftsync/pkg/api/handler/employee.go:537.2,540.4 1 0
shiftsync/pkg/api/handler/employee.go:544.57,548.9 3 0
shiftsync/pkg/api/handler/employee.go:548.9,552.3 3 0
shiftsync/pkg/api/handler/employee.go:554.2,556.16 2 0
shiftsync/pkg/api/handler/employee.go:556.16,560.3 3 0
shiftsync/pkg/api/handler/employee.go:562.2,565.4 1 0
shiftsync/pkg/api/handler/employee.go:569.54,573.9 3 0
shiftsync/pkg/api/handler/employee.go:573.9,577.3 3 0
shiftsync/pkg/api/handler/employee.go:578.2,579.16 2 0
shiftsync/pkg/api/handler/employee.go:579.16,583.3 3 0
shiftsync/pkg/api/handler/employee.go:585.2,589.54 3 0
shiftsync/pkg/repository/admin.go:20.89,23.2 1 0
shiftsync/pkg/repository/admin.go:25.97,28.154 2 0
shiftsync/pkg/repository/admin.go:28.154,30.3 1 0
shiftsync/pkg/repository/admin.go:32.2,32.17 1 0
shiftsync/pkg/repository/admin.go:35.82,36.50 1 0
shiftsync/pkg/repository/admin.go:36.50,38.3 1 0
shiftsync/pkg/repository/admin.go:40.2,40.12 1 0
shiftsync/pkg/repository/admin.go:43.83,49.2 3 0
shiftsync/pkg/repository/admin.go:51.74,54.72 3 0
shiftsync/pkg/repository/admin.go:54.72,56.3 1 0
shiftsync/pkg/repository/admin.go:57.2,57.12 1 0
shiftsync/pkg/repository/admin.go:60.102,64.2 2 0
shiftsync/pkg/repository/admin.go:66.79,69.2 2 0
shiftsync/pkg/repository/admin.go:71.94,73.342 2 0
shiftsync/pkg/repository/admin.go:73.342,75.3 1 0
shiftsync/pkg/repository/admin.go:77.2,77.17 1 0
shiftsync/pkg/repository/admin.go:80.100,82.390 2 0
shiftsync/pkg/repository/admin.go:82.390,84.3 1 0
shiftsync/pkg/repository/admin.go:86.2,86.17 1 0
shiftsync/pkg/repository/admin.go:89.83,93.49 2 0
shiftsync/pkg/repository/admin.go:93.49,95.3 1 0
shiftsync/pkg/repository/admin.go:97.2,97.12 1 0
shiftsync/pkg/repository/admin.go:100.97,102.342 2 0
shiftsync/pkg/repository/admin.go:102.342,104.3 1 0
shiftsync/pkg/repository/admin.go:106.2,106.27 1 0
shiftsync/pkg/repository/admin.go:109.98,110.141 1 0
shiftsync/pkg/repository/admin.go:110.141,112.3 1 0
shiftsync/pkg/repository/admin.go:114.2,114.12 1 0
shiftsync/pkg/repository/admin.go:117.98,118.58 1 0
shiftsync/pkg/repository/admin.go:118.58,120.3 1 0
shiftsync/pkg/repository/admin.go:122.2,122.12 1 0
shiftsync/pkg/repository/admin.go:125.97,127.106 2 0
shiftsync/pkg/repository/admin.go:127.106,129.3 1 0
shiftsync/pkg/repository/admin.go:131.2,134.12 3 0
shiftsync/pkg/repository/admin.go:137.96,139.153 2 0
shiftsync/pkg/repository/admin.go:139.153,141.3 1 0
shiftsync/pkg/repository/admin.go:143.2,143.16 1 0
shiftsync/pkg/repository/admin.go:146.102,148.119 2 0
shiftsync/pkg/repository/admin.go:148.119,150.3 1 0
shiftsync/pkg/repository/admin.go:151.2,152.16 2 0
shiftsync/pkg/repository/admin.go:155.101,157.350 2 0
shiftsync/pkg/repository/admin.go:157.350,159.3 1 0
shiftsync/pkg/repository/admin.go:161.2,161.26 1 0
shiftsync/pkg/repository/admin.go:164.104,166.276 2 0
shiftsync/pkg/repository/admin.go:166.276,168.3 1 0
shiftsync/pkg/repository/admin.go:170.2,170.21 1 0
shiftsync/pkg/repository/employee.go:21.65,23.2 1 1
shiftsync/pkg/repository/employee.go:25.90,27.48 1 0
shiftsync/pkg/repository/employee.go:27.48,29.3 1 0
shiftsync/pkg/repository/employee.go:32.2,32.12 1 0
shiftsync/pkg/repository/employee.go:35.111,39.154 2 0
shiftsync/pkg/repository/employee.go:39.154,42.3 1 0
shiftsync/pkg/repository/employee.go:44.2,45.17 2 0
shiftsync/pkg/repository/employee.go:48.106,52.369 3 0
shiftsync/pkg/repository/employee.go:52.369,55.3 1 0
shiftsync/pkg/repository/employee.go:57.2,57.22 1 0
shiftsync/pkg/repository/employee.go:60.83,62.49 1 0
shiftsync/pkg/repository/employee.go:62.49,64.3 1 0
shiftsync/pkg/repository/employee.go:66.2,66.12 1 0
shiftsync/pkg/repository/employee.go:69.88,71.89 2 0
shiftsync/pkg/repository/employee.go:71.89,73.3 1 0
shiftsync/pkg/repository/employee.go:75.2,78.12 3 0
shiftsync/pkg/repository/employee.go:81.100,83.118 2 0
shiftsync/pkg/repository/employee.go:83.118,85.3 1 0
shiftsync/pkg/repository/employee.go:87.2,87.20 1 0
shiftsync/pkg/repository/employee.go:90.97,94.92 3 0
shiftsync/pkg/repository/employee.go:94.92,96.3 1 0
shiftsync/pkg/repository/employee.go:98.2,100.22 2 0
shiftsync/pkg/repository/employee.go:103.88,107.92 3 0
shiftsync/pkg/repository/employee.go:107.92,109.3 1 0
shiftsync/pkg/repository/employee.go:111.2,113.22 2 0
shiftsync/pkg/repository/employee.go:116.90,118.52 1 0
shiftsync/pkg/repository/employee.go:118.52,120.3 1 0
shiftsync/pkg/repository/employee.go:122.2,122.116 1 0
shiftsync/pkg/repository/employee.go:122.116,124.3 1 0
shiftsync/pkg/repository/employee.go:125.2,125.12 1 0
shiftsync/pkg/repository/employee.go:128.92,131.273 1 0
shiftsync/pkg/repository/employee.go:131.273,133.3 1 0
shiftsync/pkg/repository/employee.go:135.2,135.117 1 0
shiftsync/pkg/repository/employee.go:135.117,137.3 1 0
shiftsync/pkg/repository/employee.go:139.2,139.12 1 0
shiftsync/pkg/repository/employee.go:142.86,143.50 1 0
shiftsync/pkg/repository/employee.go:143.50,145.3 1 0
shiftsync/pkg/repository/employee.go:147.2,147.12 1 0
shiftsync/pkg/repository/employee.go:150.120,152.220 2 1
shiftsync/pkg/repository/employee.go:152.220,154.3 1 1
shiftsync/pkg/repository/employee.go:156.2,156.21 1 1
shiftsync/pkg/repository/employee.go:159.109,161.145 2 1
shiftsync/pkg/repository/employee.go:161.145,164.3 1 0
shiftsync/pkg/repository/employee.go:166.2,166.21 1 1
shiftsync/pkg/repository/employee.go:169.99,171.289 2 1
shiftsync/pkg/repository/employee.go:171.289,173.3 1 0
shiftsync/pkg/repository/employee.go:175.2,175.24 1 1
shiftsync/pkg/repository/employee.go:178.113,181.312 2 0
shiftsync/pkg/repository/employee.go:181.312,183.3 1 0
shiftsync/pkg/repository/employee.go:185.2,185.19 1 0
shiftsync/pkg/repository/employee.go:188.106,190.107 2 1
shiftsync/pkg/repository/employee.go:190.107,192.3 1 0
shiftsync/pkg/repository/employee.go:194.2,194.21 1 1
shiftsync/pkg/repository/employee.go:197.108,200.330 2 0
shiftsync/pkg/repository/employee.go:200.330,202.3 1 0
shiftsync/pkg/repository/employee.go:203.2,203.27 1 0
shiftsync/pkg/repository/employee.go:207.107,209.624 2 0
shiftsync/pkg/repository/employee.go:209.624,211.3 1 0
shiftsync/pkg/repository/employee.go:213.2,213.18 1 0
shiftsync/pkg/usecases/admin.go:22.71,24.2 1 0
shiftsync/pkg/usecases/admin.go:26.78,28.16 2 0
shiftsync/pkg/usecases/admin.go:28.16,30.3 1 0
shiftsync/pkg/usecases/admin.go:32.2,34.20 2 0
shiftsync/pkg/usecases/admin.go:34.20,36.3 1 0
shiftsync/pkg/usecases/admin.go:38.2,40.58 2 0
shiftsync/pkg/usecases/admin.go:40.58,42.3 1 0
shiftsync/pkg/usecases/admin.go:44.2,44.12 1 0
shiftsync/pkg/usecases/admin.go:47.96,49.16 2 0
shiftsync/pkg/usecases/admin.go:49.16,51.3 1 0
shiftsync/pkg/usecases/admin.go:53.2,53.108 1 0
shiftsync/pkg/usecases/admin.go:53.108,55.3 1 0
shiftsync/pkg/usecases/admin.go:57.2,57.19 1 0
shiftsync/pkg/usecases/admin.go:60.83,63.34 2 0
shiftsync/pkg/usecases/admin.go:63.34,70.3 5 0
shiftsync/pkg/usecases/admin.go:72.2,72.16 1 0
shiftsync/pkg/usecases/admin.go:72.16,74.3 1 0
shiftsync/pkg/usecases/admin.go:76.2,76.19 1 0
shiftsync/pkg/usecases/admin.go:80.99,81.67 1 0
shiftsync/pkg/usecases/admin.go:81.67,83.3 1 0
shiftsync/pkg/usecases/admin.go:85.2,89.12 3 0
shiftsync/pkg/usecases/admin.go:92.84,93.67 1 0
shiftsync/pkg/usecases/admin.go:93.67,95.3 1 0
shiftsync/pkg/usecases/admin.go:97.2,99.12 2 0
shiftsync/pkg/usecases/admin.go:102.99,105.2 2 0
shiftsync/pkg/usecases/admin.go:107.82,111.29 2 0
shiftsync/pkg/usecases/admin.go:111.29,113.3 1 0
shiftsync/pkg/usecases/admin.go:115.2,115.60 1 0
shiftsync/pkg/usecases/admin.go:115.60,117.3 1 0
shiftsync/pkg/usecases/admin.go:119.2,119.12 1 0
shiftsync/pkg/usecases/admin.go:122.96,125.16 2 0
shiftsync/pkg/usecases/admin.go:125.16,127.3 1 0
shiftsync/pkg/usecases/admin.go:129.2,129.26 1 0
shiftsync/pkg/usecases/admin.go:132.80,138.67 4 0
shiftsync/pkg/usecases/admin.go:138.67,140.3 1 0
shiftsync/pkg/usecases/admin.go:142.2,142.12 1 0
shiftsync/pkg/usecases/admin.go:145.80,151.67 4 0
shiftsync/pkg/usecases/admin.go:151.67,153.3 1 0
shiftsync/pkg/usecases/admin.go:155.2,155.12 1 0
shiftsync/pkg/usecases/admin.go:158.97,161.29 2 0
shiftsync/pkg/usecases/admin.go:161.29,163.3 1 0
shiftsync/pkg/usecases/admin.go:164.2,164.73 1 0
shiftsync/pkg/usecases/admin.go:164.73,166.3 1 0
shiftsync/pkg/usecases/admin.go:168.2,168.12 1 0
shiftsync/pkg/usecases/admin.go:171.96,172.72 1 0
shiftsync/pkg/usecases/admin.go:172.72,174.3 1 0
shiftsync/pkg/usecases/admin.go:176.2,176.12 1 0
shiftsync/pkg/usecases/admin.go:179.95,182.2 2 0
shiftsync/pkg/usecases/admin.go:184.101,191.2 4 0
shiftsync/pkg/usecases/admin.go:193.100,196.19 2 0
shiftsync/pkg/usecases/admin.go:196.19,198.3 1 0
shiftsync/pkg/usecases/admin.go:200.2,200.30 1 0
shiftsync/pkg/usecases/admin.go:200.30,203.3 2 0
shiftsync/pkg/usecases/admin.go:205.2,205.26 1 0
shiftsync/pkg/usecases/admin.go:208.103,211.16 2 0
shiftsync/pkg/usecases/admin.go:211.16,213.3 1 0
shiftsync/pkg/usecases/admin.go:215.2,215.21 1 0
shiftsync/pkg/usecases/admin.go:218.93,221.39 2 0
shiftsync/pkg/usecases/admin.go:221.39,223.3 1 0
shiftsync/pkg/usecases/admin.go:225.2,225.23 1 0
shiftsync/pkg/usecases/employee.go:30.78,32.2 1 1
shiftsync/pkg/usecases/employee.go:34.87,37.16 2 1
shiftsync/pkg/usecases/employee.go:37.16,39.3 1 0
shiftsync/pkg/usecases/employee.go:41.2,42.50 2 1
shiftsync/pkg/usecases/employee.go:45.100,48.16 2 1
shiftsync/pkg/usecases/employee.go:48.16,51.3 1 1
shiftsync/pkg/usecases/employee.go:53.2,53.107 1 1
shiftsync/pkg/usecases/employee.go:53.107,56.3 1 0
shiftsync/pkg/usecases/employee.go:58.2,58.22 1 1
shiftsync/pkg/usecases/employee.go:61.84,65.2 2 0
shiftsync/pkg/usecases/employee.go:67.80,78.58 8 0
shiftsync/pkg/usecases/employee.go:78.58,80.3 1 0
shiftsync/pkg/usecases/employee.go:80.8,80.40 1 0
shiftsync/pkg/usecases/employee.go:80.40,81.66 1 0
shiftsync/pkg/usecases/employee.go:81.66,83.4 1 0
shiftsync/pkg/usecases/employee.go:84.8,85.59 1 0
shiftsync/pkg/usecases/employee.go:85.59,87.4 1 0
shiftsync/pkg/usecases/employee.go:90.2,90.12 1 0
shiftsync/pkg/usecases/employee.go:93.99,96.16 2 0
shiftsync/pkg/usecases/employee.go:96.16,98.3 1 0
shiftsync/pkg/usecases/employee.go:100.2,100.23 1 0
shiftsync/pkg/usecases/employee.go:102.11,103.45 1 0
shiftsync/pkg/usecases/employee.go:104.11,105.51 1 0
shiftsync/pkg/usecases/employee.go:106.11,107.41 1 0
shiftsync/pkg/usecases/employee.go:110.2,110.20 1 0
shiftsync/pkg/usecases/employee.go:113.96,116.16 2 0
shiftsync/pkg/usecases/employee.go:116.16,117.25 1 0
shiftsync/pkg/usecases/employee.go:118.12,121.20 3 0
shiftsync/pkg/usecases/employee.go:122.12,125.20 3 0
shiftsync/pkg/usecases/employee.go:126.12,129.20 3 0
shiftsync/pkg/usecases/employee.go:134.2,134.43 1 0
shiftsync/pkg/usecases/employee.go:137.80,148.2 5 0
shiftsync/pkg/usecases/employee.go:150.105,158.74 4 0
shiftsync/pkg/usecases/employee.go:158.74,160.3 1 0
shiftsync/pkg/usecases/employee.go:162.2,168.59 5 0
shiftsync/pkg/usecases/employee.go:168.59,170.3 1 0
shiftsync/pkg/usecases/employee.go:172.2,172.12 1 0
shiftsync/pkg/usecases/employee.go:176.71,180.40 2 0
shiftsync/pkg/usecases/employee.go:180.40,182.3 1 0
shiftsync/pkg/usecases/employee.go:184.2,188.59 4 0
shiftsync/pkg/usecases/employee.go:188.59,190.3 1 0
shiftsync/pkg/usecases/employee.go:192.2,192.12 1 0
shiftsync/pkg/usecases/employee.go:195.95,203.21 5 0
shiftsync/pkg/usecases/employee.go:203.21,205.3 1 0
shiftsync/pkg/usecases/employee.go:207.2,207.23 1 0
shiftsync/pkg/usecases/employee.go:207.23,209.3 1 0
shiftsync/pkg/usecases/employee.go:211.2,217.31 5 0
shiftsync/pkg/usecases/employee.go:217.31,219.3 1 0
shiftsync/pkg/usecases/employee.go:221.2,222.21 2 0
shiftsync/pkg/usecases/employee.go:222.21,224.3 1 0
shiftsync/pkg/usecases/employee.go:226.2,226.29 1 0
shiftsync/pkg/usecases/employee.go:226.29,237.79 7 0
shiftsync/pkg/usecases/employee.go:237.79,239.4 1 0
shiftsync/pkg/usecases/employee.go:242.2,242.21 1 0
shiftsync/pkg/usecases/employee.go:242.21,244.3 1 0
shiftsync/pkg/usecases/employee.go:244.8,246.3 1 0
shiftsync/pkg/usecases/employee.go:248.2,250.62 2 0
shiftsync/pkg/usecases/employee.go:250.62,252.3 1 0
shiftsync/pkg/usecases/employee.go:253.2,256.39 3 0
shiftsync/pkg/usecases/employee.go:259.111,262.16 2 1
shiftsync/pkg/usecases/employee.go:262.16,264.3 1 1
shiftsync/pkg/usecases/employee.go:266.2,266.27 1 1
shiftsync/pkg/usecases/employee.go:266.27,267.27 1 1
shiftsync/pkg/usecases/employee.go:268.12,269.33 1 1
shiftsync/pkg/usecases/employee.go:270.12,271.32 1 0
shiftsync/pkg/usecases/employee.go:272.12,273.33 1 1
shiftsync/pkg/usecases/employee.go:274.12,275.32 1 0
shiftsync/pkg/usecases/employee.go:279.2,281.20 2 1
shiftsync/pkg/usecases/employee.go:285.98,288.16 2 0
shiftsync/pkg/usecases/employee.go:288.16,290.3 1 0
shiftsync/pkg/usecases/employee.go:292.2,292.28 1 0
shiftsync/pkg/usecases/employee.go:292.28,302.16 7 0
shiftsync/pkg/usecases/employee.go:302.16,304.4 1 0
shiftsync/pkg/usecases/employee.go:304.9,306.4 1 0
shiftsync/pkg/usecases/employee.go:308.3,308.34 1 0
shiftsync/pkg/usecases/employee.go:309.12,310.44 1 0
shiftsync/pkg/usecases/employee.go:312.12,313.44 1 0
shiftsync/pkg/usecases/employee.go:315.12,316.42 1 0
shiftsync/pkg/usecases/employee.go:320.2,320.24 1 0
shiftsync/pkg/usecases/employee.go:323.107,328.16 3 0
shiftsync/pkg/usecases/employee.go:328.16,330.3 1 0
shiftsync/pkg/usecases/employee.go:332.2,336.25 3 0
shiftsync/pkg/usecases/employee.go:336.25,342.3 2 0
shiftsync/pkg/usecases/employee.go:344.2,344.21 1 0
shiftsync/pkg/usecases/employee.go:347.105,350.39 2 0
shiftsync/pkg/usecases/employee.go:350.39,352.3 1 0
shiftsync/pkg/usecases/employee.go:354.2,354.21 1 0
shiftsync/pkg/usecases/employee.go:357.93,360.44 2 0
shiftsync/pkg/usecases/employee.go:360.44,362.3 1 0
shiftsync/pkg/usecases/employee.go:364.2,365.23 2 0
shiftsync/pkg/usecases/employee.go:365.23,367.3 1 0
shiftsync/pkg/usecases/employee.go:369.2,369.28 1 0
shiftsync/pkg/usecases/employee.go:369.28,371.3 1 0
shiftsync/pkg/usecases/employee.go:373.2,376.21 3 0
shiftsync/pkg/usecases/employee.go:376.21,378.3 1 0
shiftsync/pkg/usecases/employee.go:380.2,381.23 2 0
shiftsync/pkg/usecases/employee.go:381.23,383.3 1 0
shiftsync/pkg/usecases/employee.go:385.2,385.21 1 0
